

Started GET "/rails/info/routes" for 127.0.0.1 at 2015-12-17 18:16:27 -0800
Processing by Rails::InfoController#routes as HTML
  Rendered /Library/Ruby/Gems/2.0.0/gems/actionpack-4.0.0/lib/action_dispatch/middleware/templates/routes/_route.html.erb (1.5ms)
  Rendered /Library/Ruby/Gems/2.0.0/gems/actionpack-4.0.0/lib/action_dispatch/middleware/templates/routes/_table.html.erb (28.5ms)
  Rendered /Library/Ruby/Gems/2.0.0/gems/railties-4.0.0/lib/rails/templates/rails/info/routes.html.erb within layouts/application (114.1ms)
Completed 200 OK in 186ms (Views: 157.1ms | ActiveRecord: 0.0ms)


Started GET "/games/secret_number/7" for 127.0.0.1 at 2015-12-17 18:20:08 -0800

ActionController::RoutingError (No route matches [GET] "/games/secret_number/7"):
  actionpack (4.0.0) lib/action_dispatch/middleware/debug_exceptions.rb:21:in `call'
  actionpack (4.0.0) lib/action_dispatch/middleware/show_exceptions.rb:30:in `call'
  railties (4.0.0) lib/rails/rack/logger.rb:38:in `call_app'
  railties (4.0.0) lib/rails/rack/logger.rb:21:in `block in call'
  activesupport (4.0.0) lib/active_support/tagged_logging.rb:67:in `block in tagged'
  activesupport (4.0.0) lib/active_support/tagged_logging.rb:25:in `tagged'
  activesupport (4.0.0) lib/active_support/tagged_logging.rb:67:in `tagged'
  railties (4.0.0) lib/rails/rack/logger.rb:21:in `call'
  actionpack (4.0.0) lib/action_dispatch/middleware/request_id.rb:21:in `call'
  rack (1.5.5) lib/rack/methodoverride.rb:21:in `call'
  rack (1.5.5) lib/rack/runtime.rb:17:in `call'
  activesupport (4.0.0) lib/active_support/cache/strategy/local_cache.rb:83:in `call'
  rack (1.5.5) lib/rack/lock.rb:17:in `call'
  actionpack (4.0.0) lib/action_dispatch/middleware/static.rb:64:in `call'
  railties (4.0.0) lib/rails/engine.rb:511:in `call'
  railties (4.0.0) lib/rails/application.rb:97:in `call'
  rack (1.5.5) lib/rack/lock.rb:17:in `call'
  rack (1.5.5) lib/rack/content_length.rb:14:in `call'
  rack (1.5.5) lib/rack/handler/webrick.rb:60:in `service'
  /System/Library/Frameworks/Ruby.framework/Versions/2.0/usr/lib/ruby/2.0.0/webrick/httpserver.rb:138:in `service'
  /System/Library/Frameworks/Ruby.framework/Versions/2.0/usr/lib/ruby/2.0.0/webrick/httpserver.rb:94:in `run'
  /System/Library/Frameworks/Ruby.framework/Versions/2.0/usr/lib/ruby/2.0.0/webrick/server.rb:295:in `block in start_thread'


  Rendered /Library/Ruby/Gems/2.0.0/gems/actionpack-4.0.0/lib/action_dispatch/middleware/templates/rescues/_trace.erb (1.5ms)
  Rendered /Library/Ruby/Gems/2.0.0/gems/actionpack-4.0.0/lib/action_dispatch/middleware/templates/routes/_route.html.erb (1.9ms)
  Rendered /Library/Ruby/Gems/2.0.0/gems/actionpack-4.0.0/lib/action_dispatch/middleware/templates/routes/_table.html.erb (2.0ms)
  Rendered /Library/Ruby/Gems/2.0.0/gems/actionpack-4.0.0/lib/action_dispatch/middleware/templates/rescues/routing_error.erb within rescues/layout (58.7ms)


Started GET "/rails/info/routes" for 127.0.0.1 at 2015-12-17 18:40:25 -0800
Processing by Rails::InfoController#routes as HTML
  Rendered /Library/Ruby/Gems/2.0.0/gems/actionpack-4.0.0/lib/action_dispatch/middleware/templates/routes/_route.html.erb (0.2ms)
  Rendered /Library/Ruby/Gems/2.0.0/gems/actionpack-4.0.0/lib/action_dispatch/middleware/templates/routes/_table.html.erb (0.3ms)
  Rendered /Library/Ruby/Gems/2.0.0/gems/railties-4.0.0/lib/rails/templates/rails/info/routes.html.erb within layouts/application (2.9ms)
Completed 200 OK in 9ms (Views: 8.7ms | ActiveRecord: 0.0ms)


Started GET "/" for 127.0.0.1 at 2015-12-17 23:10:40 -0800
Processing by GameController#index as HTML
  Rendered game/index.html.erb within layouts/application (29.4ms)
Completed 200 OK in 1757ms (Views: 1713.9ms | ActiveRecord: 0.0ms)


Started GET "/assets/application.css?body=1" for 127.0.0.1 at 2015-12-17 23:10:43 -0800


Started GET "/assets/game.css?body=1" for 127.0.0.1 at 2015-12-17 23:10:43 -0800


Started GET "/assets/secret_number.css?body=1" for 127.0.0.1 at 2015-12-17 23:10:43 -0800


Started GET "/assets/jquery.js?body=1" for 127.0.0.1 at 2015-12-17 23:10:43 -0800


Started GET "/assets/turbolinks.js?body=1" for 127.0.0.1 at 2015-12-17 23:10:43 -0800


Started GET "/assets/jquery_ujs.js?body=1" for 127.0.0.1 at 2015-12-17 23:10:43 -0800


Started GET "/assets/game.js?body=1" for 127.0.0.1 at 2015-12-17 23:10:43 -0800


Started GET "/assets/secret_number.js?body=1" for 127.0.0.1 at 2015-12-17 23:10:43 -0800


Started GET "/assets/application.js?body=1" for 127.0.0.1 at 2015-12-17 23:10:43 -0800


Started GET "/rails/info/routes" for 127.0.0.1 at 2015-12-17 23:11:10 -0800
Processing by Rails::InfoController#routes as HTML
  Rendered /Library/Ruby/Gems/2.0.0/gems/actionpack-4.0.0/lib/action_dispatch/middleware/templates/routes/_route.html.erb (1.9ms)
  Rendered /Library/Ruby/Gems/2.0.0/gems/actionpack-4.0.0/lib/action_dispatch/middleware/templates/routes/_table.html.erb (29.7ms)
  Rendered /Library/Ruby/Gems/2.0.0/gems/railties-4.0.0/lib/rails/templates/rails/info/routes.html.erb within layouts/application (81.8ms)
Completed 200 OK in 93ms (Views: 92.2ms | ActiveRecord: 0.0ms)


Started GET "/games/secret_number/7" for 127.0.0.1 at 2015-12-17 23:18:45 -0800

ActionController::RoutingError (No route matches [GET] "/games/secret_number/7"):
  actionpack (4.0.0) lib/action_dispatch/middleware/debug_exceptions.rb:21:in `call'
  actionpack (4.0.0) lib/action_dispatch/middleware/show_exceptions.rb:30:in `call'
  railties (4.0.0) lib/rails/rack/logger.rb:38:in `call_app'
  railties (4.0.0) lib/rails/rack/logger.rb:21:in `block in call'
  activesupport (4.0.0) lib/active_support/tagged_logging.rb:67:in `block in tagged'
  activesupport (4.0.0) lib/active_support/tagged_logging.rb:25:in `tagged'
  activesupport (4.0.0) lib/active_support/tagged_logging.rb:67:in `tagged'
  railties (4.0.0) lib/rails/rack/logger.rb:21:in `call'
  actionpack (4.0.0) lib/action_dispatch/middleware/request_id.rb:21:in `call'
  rack (1.5.5) lib/rack/methodoverride.rb:21:in `call'
  rack (1.5.5) lib/rack/runtime.rb:17:in `call'
  activesupport (4.0.0) lib/active_support/cache/strategy/local_cache.rb:83:in `call'
  rack (1.5.5) lib/rack/lock.rb:17:in `call'
  actionpack (4.0.0) lib/action_dispatch/middleware/static.rb:64:in `call'
  railties (4.0.0) lib/rails/engine.rb:511:in `call'
  railties (4.0.0) lib/rails/application.rb:97:in `call'
  rack (1.5.5) lib/rack/lock.rb:17:in `call'
  rack (1.5.5) lib/rack/content_length.rb:14:in `call'
  rack (1.5.5) lib/rack/handler/webrick.rb:60:in `service'
  /System/Library/Frameworks/Ruby.framework/Versions/2.0/usr/lib/ruby/2.0.0/webrick/httpserver.rb:138:in `service'
  /System/Library/Frameworks/Ruby.framework/Versions/2.0/usr/lib/ruby/2.0.0/webrick/httpserver.rb:94:in `run'
  /System/Library/Frameworks/Ruby.framework/Versions/2.0/usr/lib/ruby/2.0.0/webrick/server.rb:295:in `block in start_thread'


  Rendered /Library/Ruby/Gems/2.0.0/gems/actionpack-4.0.0/lib/action_dispatch/middleware/templates/rescues/_trace.erb (1.4ms)
  Rendered /Library/Ruby/Gems/2.0.0/gems/actionpack-4.0.0/lib/action_dispatch/middleware/templates/routes/_route.html.erb (1.6ms)
  Rendered /Library/Ruby/Gems/2.0.0/gems/actionpack-4.0.0/lib/action_dispatch/middleware/templates/routes/_table.html.erb (1.2ms)
  Rendered /Library/Ruby/Gems/2.0.0/gems/actionpack-4.0.0/lib/action_dispatch/middleware/templates/rescues/routing_error.erb within rescues/layout (30.1ms)


Started GET "/" for 127.0.0.1 at 2015-12-17 23:20:08 -0800
Processing by GameController#index as HTML
  Rendered game/index.html.erb within layouts/application (0.1ms)
Completed 200 OK in 12ms (Views: 11.0ms | ActiveRecord: 0.0ms)


Started GET "/" for 127.0.0.1 at 2015-12-17 23:20:11 -0800
Processing by GameController#index as HTML
  Rendered game/index.html.erb within layouts/application (0.0ms)
Completed 200 OK in 4ms (Views: 3.2ms | ActiveRecord: 0.0ms)


Started GET "/" for 127.0.0.1 at 2015-12-17 23:22:21 -0800
Processing by GameController#index as HTML
  Rendered game/index.html.erb within layouts/application (4.6ms)
Completed 200 OK in 210ms (Views: 179.1ms | ActiveRecord: 0.0ms)


Started GET "/" for 127.0.0.1 at 2015-12-17 23:23:14 -0800
Processing by GameController#index as HTML
  Rendered game/index.html.erb within layouts/application (0.1ms)
Completed 200 OK in 5ms (Views: 4.4ms | ActiveRecord: 0.0ms)


Started GET "/" for 127.0.0.1 at 2015-12-17 23:24:03 -0800
Processing by GameController#index as HTML
  Rendered game/index.html.erb within layouts/application (1.1ms)
Completed 200 OK in 78ms (Views: 58.2ms | ActiveRecord: 0.0ms)


Started GET "/assets/game.css?body=1" for 127.0.0.1 at 2015-12-17 23:24:03 -0800


Started GET "/assets/application.css?body=1" for 127.0.0.1 at 2015-12-17 23:24:03 -0800


Started GET "/assets/jquery_ujs.js?body=1" for 127.0.0.1 at 2015-12-17 23:24:03 -0800


Started GET "/assets/game.js?body=1" for 127.0.0.1 at 2015-12-17 23:24:03 -0800


Started GET "/assets/jquery.js?body=1" for 127.0.0.1 at 2015-12-17 23:24:03 -0800


Started GET "/assets/secret_number.css?body=1" for 127.0.0.1 at 2015-12-17 23:24:03 -0800


Started GET "/assets/turbolinks.js?body=1" for 127.0.0.1 at 2015-12-17 23:24:03 -0800


Started GET "/assets/secret_number.js?body=1" for 127.0.0.1 at 2015-12-17 23:24:03 -0800


Started GET "/assets/application.js?body=1" for 127.0.0.1 at 2015-12-17 23:24:03 -0800


Started GET "/games" for 127.0.0.1 at 2015-12-17 23:24:03 -0800

ActionController::RoutingError (No route matches [GET] "/games"):
  actionpack (4.0.0) lib/action_dispatch/middleware/debug_exceptions.rb:21:in `call'
  actionpack (4.0.0) lib/action_dispatch/middleware/show_exceptions.rb:30:in `call'
  railties (4.0.0) lib/rails/rack/logger.rb:38:in `call_app'
  railties (4.0.0) lib/rails/rack/logger.rb:21:in `block in call'
  activesupport (4.0.0) lib/active_support/tagged_logging.rb:67:in `block in tagged'
  activesupport (4.0.0) lib/active_support/tagged_logging.rb:25:in `tagged'
  activesupport (4.0.0) lib/active_support/tagged_logging.rb:67:in `tagged'
  railties (4.0.0) lib/rails/rack/logger.rb:21:in `call'
  actionpack (4.0.0) lib/action_dispatch/middleware/request_id.rb:21:in `call'
  rack (1.5.5) lib/rack/methodoverride.rb:21:in `call'
  rack (1.5.5) lib/rack/runtime.rb:17:in `call'
  activesupport (4.0.0) lib/active_support/cache/strategy/local_cache.rb:83:in `call'
  rack (1.5.5) lib/rack/lock.rb:17:in `call'
  actionpack (4.0.0) lib/action_dispatch/middleware/static.rb:64:in `call'
  railties (4.0.0) lib/rails/engine.rb:511:in `call'
  railties (4.0.0) lib/rails/application.rb:97:in `call'
  rack (1.5.5) lib/rack/lock.rb:17:in `call'
  rack (1.5.5) lib/rack/content_length.rb:14:in `call'
  rack (1.5.5) lib/rack/handler/webrick.rb:60:in `service'
  /System/Library/Frameworks/Ruby.framework/Versions/2.0/usr/lib/ruby/2.0.0/webrick/httpserver.rb:138:in `service'
  /System/Library/Frameworks/Ruby.framework/Versions/2.0/usr/lib/ruby/2.0.0/webrick/httpserver.rb:94:in `run'
  /System/Library/Frameworks/Ruby.framework/Versions/2.0/usr/lib/ruby/2.0.0/webrick/server.rb:295:in `block in start_thread'


  Rendered /Library/Ruby/Gems/2.0.0/gems/actionpack-4.0.0/lib/action_dispatch/middleware/templates/rescues/_trace.erb (1.4ms)
  Rendered /Library/Ruby/Gems/2.0.0/gems/actionpack-4.0.0/lib/action_dispatch/middleware/templates/routes/_route.html.erb (1.1ms)
  Rendered /Library/Ruby/Gems/2.0.0/gems/actionpack-4.0.0/lib/action_dispatch/middleware/templates/routes/_table.html.erb (23.3ms)
  Rendered /Library/Ruby/Gems/2.0.0/gems/actionpack-4.0.0/lib/action_dispatch/middleware/templates/rescues/routing_error.erb within rescues/layout (55.0ms)


Started GET "/" for 127.0.0.1 at 2015-12-17 23:24:08 -0800
Processing by GameController#index as HTML
  Rendered game/index.html.erb within layouts/application (0.1ms)
Completed 200 OK in 5ms (Views: 4.3ms | ActiveRecord: 0.0ms)


Started GET "/assets/application.css?body=1" for 127.0.0.1 at 2015-12-17 23:24:08 -0800


Started GET "/assets/game.css?body=1" for 127.0.0.1 at 2015-12-17 23:24:08 -0800


Started GET "/assets/secret_number.css?body=1" for 127.0.0.1 at 2015-12-17 23:24:08 -0800


Started GET "/assets/jquery.js?body=1" for 127.0.0.1 at 2015-12-17 23:24:08 -0800


Started GET "/assets/turbolinks.js?body=1" for 127.0.0.1 at 2015-12-17 23:24:08 -0800


Started GET "/assets/jquery_ujs.js?body=1" for 127.0.0.1 at 2015-12-17 23:24:08 -0800


Started GET "/assets/game.js?body=1" for 127.0.0.1 at 2015-12-17 23:24:08 -0800


Started GET "/assets/secret_number.js?body=1" for 127.0.0.1 at 2015-12-17 23:24:08 -0800


Started GET "/assets/application.js?body=1" for 127.0.0.1 at 2015-12-17 23:24:08 -0800


Started GET "/" for 127.0.0.1 at 2015-12-17 23:24:11 -0800
Processing by GameController#index as HTML
  Rendered game/index.html.erb within layouts/application (0.0ms)
Completed 200 OK in 4ms (Views: 3.3ms | ActiveRecord: 0.0ms)


Started GET "/assets/game.css?body=1" for 127.0.0.1 at 2015-12-17 23:24:11 -0800


Started GET "/assets/application.css?body=1" for 127.0.0.1 at 2015-12-17 23:24:11 -0800


Started GET "/assets/secret_number.css?body=1" for 127.0.0.1 at 2015-12-17 23:24:11 -0800


Started GET "/assets/turbolinks.js?body=1" for 127.0.0.1 at 2015-12-17 23:24:11 -0800


Started GET "/assets/jquery.js?body=1" for 127.0.0.1 at 2015-12-17 23:24:11 -0800


Started GET "/assets/application.js?body=1" for 127.0.0.1 at 2015-12-17 23:24:11 -0800


Started GET "/assets/jquery_ujs.js?body=1" for 127.0.0.1 at 2015-12-17 23:24:11 -0800


Started GET "/assets/game.js?body=1" for 127.0.0.1 at 2015-12-17 23:24:11 -0800


Started GET "/assets/secret_number.js?body=1" for 127.0.0.1 at 2015-12-17 23:24:11 -0800


Started GET "/" for 127.0.0.1 at 2015-12-17 23:24:51 -0800
Processing by GameController#index as HTML
  Rendered game/index.html.erb within layouts/application (20.0ms)
Completed 200 OK in 67ms (Views: 49.8ms | ActiveRecord: 0.0ms)


Started GET "/assets/application.css?body=1" for 127.0.0.1 at 2015-12-17 23:24:51 -0800


Started GET "/assets/game.css?body=1" for 127.0.0.1 at 2015-12-17 23:24:51 -0800


Started GET "/assets/jquery_ujs.js?body=1" for 127.0.0.1 at 2015-12-17 23:24:51 -0800


Started GET "/assets/jquery.js?body=1" for 127.0.0.1 at 2015-12-17 23:24:51 -0800


Started GET "/assets/secret_number.css?body=1" for 127.0.0.1 at 2015-12-17 23:24:51 -0800


Started GET "/assets/turbolinks.js?body=1" for 127.0.0.1 at 2015-12-17 23:24:51 -0800


Started GET "/assets/game.js?body=1" for 127.0.0.1 at 2015-12-17 23:24:51 -0800


Started GET "/assets/secret_number.js?body=1" for 127.0.0.1 at 2015-12-17 23:24:51 -0800


Started GET "/assets/application.js?body=1" for 127.0.0.1 at 2015-12-17 23:24:51 -0800


Started GET "/" for 127.0.0.1 at 2015-12-17 23:25:25 -0800
Processing by GameController#index as HTML
  Rendered game/index.html.erb within layouts/application (0.0ms)
Completed 200 OK in 4ms (Views: 3.5ms | ActiveRecord: 0.0ms)


Started GET "/assets/application.css?body=1" for 127.0.0.1 at 2015-12-17 23:25:25 -0800


Started GET "/assets/secret_number.css?body=1" for 127.0.0.1 at 2015-12-17 23:25:25 -0800


Started GET "/assets/game.css?body=1" for 127.0.0.1 at 2015-12-17 23:25:25 -0800


Started GET "/assets/game.js?body=1" for 127.0.0.1 at 2015-12-17 23:25:25 -0800


Started GET "/assets/turbolinks.js?body=1" for 127.0.0.1 at 2015-12-17 23:25:25 -0800


Started GET "/assets/jquery_ujs.js?body=1" for 127.0.0.1 at 2015-12-17 23:25:25 -0800


Started GET "/assets/jquery.js?body=1" for 127.0.0.1 at 2015-12-17 23:25:25 -0800


Started GET "/assets/secret_number.js?body=1" for 127.0.0.1 at 2015-12-17 23:25:25 -0800


Started GET "/assets/application.js?body=1" for 127.0.0.1 at 2015-12-17 23:25:25 -0800


Started GET "/" for 127.0.0.1 at 2015-12-17 23:27:47 -0800
Processing by GameController#index as HTML
  Rendered game/index.html.erb within layouts/application (49.7ms)
Completed 500 Internal Server Error in 53ms

ActionView::Template::Error (undefined method `each' for nil:NilClass):
    1: <h1>Game Index</h1>
    2: <%= image_tag 'games/loser.gif' %>
    3: 
    4: <% @games.each do |game| %>
    5:     <%= game %>
    6: <% end %>
    7: 
  app/views/game/index.html.erb:4:in `_app_views_game_index_html_erb__622332192846283453_70149398188260'


  Rendered /Library/Ruby/Gems/2.0.0/gems/actionpack-4.0.0/lib/action_dispatch/middleware/templates/rescues/_trace.erb (0.9ms)
  Rendered /Library/Ruby/Gems/2.0.0/gems/actionpack-4.0.0/lib/action_dispatch/middleware/templates/rescues/_request_and_response.erb (1.4ms)
  Rendered /Library/Ruby/Gems/2.0.0/gems/actionpack-4.0.0/lib/action_dispatch/middleware/templates/rescues/template_error.erb within rescues/layout (17.5ms)


Started GET "/" for 127.0.0.1 at 2015-12-17 23:30:25 -0800
Processing by GameController#index as HTML
Completed 500 Internal Server Error in 1ms

NameError (uninitialized constant GameController::Game):
  app/controllers/game_controller.rb:3:in `index'


  Rendered /Library/Ruby/Gems/2.0.0/gems/actionpack-4.0.0/lib/action_dispatch/middleware/templates/rescues/_source.erb (0.5ms)
  Rendered /Library/Ruby/Gems/2.0.0/gems/actionpack-4.0.0/lib/action_dispatch/middleware/templates/rescues/_trace.erb (1.7ms)
  Rendered /Library/Ruby/Gems/2.0.0/gems/actionpack-4.0.0/lib/action_dispatch/middleware/templates/rescues/_request_and_response.erb (1.5ms)
  Rendered /Library/Ruby/Gems/2.0.0/gems/actionpack-4.0.0/lib/action_dispatch/middleware/templates/rescues/diagnostics.erb within rescues/layout (27.1ms)
